<?xml version="1.0" encoding="UTF-8"?>
<testsuite xmlns:xsi="http://www.w3.org/2001/XMLSchema-instance" xsi:noNamespaceSchemaLocation="https://maven.apache.org/surefire/maven-surefire-plugin/xsd/surefire-test-report.xsd" name="com.jun0rr.vfs.api.test.TestMongodb" time="0.019" tests="1" errors="1" skipped="0" failures="0">
  <properties>
    <property name="sun.desktop" value="gnome"/>
    <property name="awt.toolkit" value="sun.awt.X11.XToolkit"/>
    <property name="java.specification.version" value="11"/>
    <property name="sun.cpu.isalist" value=""/>
    <property name="sun.jnu.encoding" value="UTF-8"/>
    <property name="java.class.path" value="/home/juno/.m2/repository/org/apache/maven/surefire/surefire-booter/2.22.2/surefire-booter-2.22.2.jar:/home/juno/.m2/repository/org/apache/maven/surefire/surefire-api/2.22.2/surefire-api-2.22.2.jar:/home/juno/.m2/repository/org/apache/maven/surefire/surefire-logger-api/2.22.2/surefire-logger-api-2.22.2.jar:/home/juno/nb-projects/vfs-api/target/test-classes:/home/juno/.m2/repository/com/google/code/gson/gson/2.8.2/gson-2.8.2.jar:/home/juno/.m2/repository/ch/qos/logback/logback-core/1.2.10/logback-core-1.2.10.jar:/home/juno/.m2/repository/org/mongodb/mongodb-driver-legacy/4.2.2/mongodb-driver-legacy-4.2.2.jar:/home/juno/.m2/repository/io/github/classgraph/classgraph/4.8.78/classgraph-4.8.78.jar:/home/juno/.m2/repository/net/bytebuddy/byte-buddy/1.11.3/byte-buddy-1.11.3.jar:/home/juno/.m2/repository/org/jetbrains/annotations/13.0/annotations-13.0.jar:/home/juno/.m2/repository/com/github/spotbugs/spotbugs-annotations/3.1.9/spotbugs-annotations-3.1.9.jar:/home/juno/.m2/repository/com/google/code/findbugs/jsr305/3.0.2/jsr305-3.0.2.jar:/home/juno/.m2/repository/org/junit/jupiter/junit-jupiter-api/5.6.0/junit-jupiter-api-5.6.0.jar:/home/juno/.m2/repository/org/apiguardian/apiguardian-api/1.1.0/apiguardian-api-1.1.0.jar:/home/juno/.m2/repository/org/opentest4j/opentest4j/1.2.0/opentest4j-1.2.0.jar:/home/juno/.m2/repository/org/junit/platform/junit-platform-commons/1.6.0/junit-platform-commons-1.6.0.jar:/home/juno/.m2/repository/org/junit/jupiter/junit-jupiter-engine/5.6.0/junit-jupiter-engine-5.6.0.jar:/home/juno/.m2/repository/org/junit/platform/junit-platform-engine/1.6.0/junit-platform-engine-1.6.0.jar:/home/juno/.m2/repository/org/mongodb/mongodb-driver-sync/4.1.0/mongodb-driver-sync-4.1.0.jar:/home/juno/.m2/repository/org/mongodb/bson/4.1.0/bson-4.1.0.jar:/home/juno/.m2/repository/org/mongodb/mongodb-driver-core/4.1.0/mongodb-driver-core-4.1.0.jar:/home/juno/.m2/repository/org/apache/maven/surefire/surefire-junit-platform/2.22.2/surefire-junit-platform-2.22.2.jar:/home/juno/.m2/repository/org/junit/platform/junit-platform-launcher/1.3.1/junit-platform-launcher-1.3.1.jar"/>
    <property name="java.vm.vendor" value="Oracle Corporation"/>
    <property name="sun.arch.data.model" value="64"/>
    <property name="java.vendor.url" value="https://openjdk.java.net/"/>
    <property name="user.timezone" value=""/>
    <property name="java.vm.specification.version" value="11"/>
    <property name="os.name" value="Linux"/>
    <property name="user.country" value="BR"/>
    <property name="sun.java.launcher" value="SUN_STANDARD"/>
    <property name="sun.boot.library.path" value="/opt/graalvm-ce-java11-20.0.0/lib"/>
    <property name="sun.java.command" value="org.apache.maven.surefire.booter.ForkedBooter /home/juno/nb-projects/vfs-api/target/surefire 2022-04-05T22-36-03_991-jvmRun1 surefire6674879428939815375tmp surefire_09261435413274276856tmp"/>
    <property name="jdk.debug" value="release"/>
    <property name="test" value="com.jun0rr.vfs.api.test.TestMongodb"/>
    <property name="surefire.test.class.path" value="/home/juno/nb-projects/vfs-api/target/test-classes:/home/juno/.m2/repository/com/google/code/gson/gson/2.8.2/gson-2.8.2.jar:/home/juno/.m2/repository/ch/qos/logback/logback-core/1.2.10/logback-core-1.2.10.jar:/home/juno/.m2/repository/org/mongodb/mongodb-driver-legacy/4.2.2/mongodb-driver-legacy-4.2.2.jar:/home/juno/.m2/repository/io/github/classgraph/classgraph/4.8.78/classgraph-4.8.78.jar:/home/juno/.m2/repository/net/bytebuddy/byte-buddy/1.11.3/byte-buddy-1.11.3.jar:/home/juno/.m2/repository/org/jetbrains/annotations/13.0/annotations-13.0.jar:/home/juno/.m2/repository/com/github/spotbugs/spotbugs-annotations/3.1.9/spotbugs-annotations-3.1.9.jar:/home/juno/.m2/repository/com/google/code/findbugs/jsr305/3.0.2/jsr305-3.0.2.jar:/home/juno/.m2/repository/org/junit/jupiter/junit-jupiter-api/5.6.0/junit-jupiter-api-5.6.0.jar:/home/juno/.m2/repository/org/apiguardian/apiguardian-api/1.1.0/apiguardian-api-1.1.0.jar:/home/juno/.m2/repository/org/opentest4j/opentest4j/1.2.0/opentest4j-1.2.0.jar:/home/juno/.m2/repository/org/junit/platform/junit-platform-commons/1.6.0/junit-platform-commons-1.6.0.jar:/home/juno/.m2/repository/org/junit/jupiter/junit-jupiter-engine/5.6.0/junit-jupiter-engine-5.6.0.jar:/home/juno/.m2/repository/org/junit/platform/junit-platform-engine/1.6.0/junit-platform-engine-1.6.0.jar:/home/juno/.m2/repository/org/mongodb/mongodb-driver-sync/4.1.0/mongodb-driver-sync-4.1.0.jar:/home/juno/.m2/repository/org/mongodb/bson/4.1.0/bson-4.1.0.jar:/home/juno/.m2/repository/org/mongodb/mongodb-driver-core/4.1.0/mongodb-driver-core-4.1.0.jar:"/>
    <property name="sun.cpu.endian" value="little"/>
    <property name="user.home" value="/home/juno"/>
    <property name="user.language" value="pt"/>
    <property name="java.specification.vendor" value="Oracle Corporation"/>
    <property name="jdk.module.path" value="/home/juno/nb-projects/vfs-api/target/classes:/home/juno/nb-projects/util/target/classes:/home/juno/nb-projects/dodge/target/classes:/home/juno/.m2/repository/info/picocli/picocli/4.6.3/picocli-4.6.3.jar:/home/juno/.m2/repository/io/netty/netty-all/4.1.43.Final/netty-all-4.1.43.Final.jar:/home/juno/.m2/repository/org/bitbucket/b_c/jose4j/0.7.0/jose4j-0.7.0.jar:/home/juno/.m2/repository/org/slf4j/slf4j-api/1.7.35/slf4j-api-1.7.35.jar:/home/juno/.m2/repository/ch/qos/logback/logback-classic/1.2.10/logback-classic-1.2.10.jar:/home/juno/.m2/repository/dev/morphia/morphia/morphia-core/2.2.6/morphia-core-2.2.6.jar"/>
    <property name="java.version.date" value="2020-01-14"/>
    <property name="java.home" value="/opt/graalvm-ce-java11-20.0.0"/>
    <property name="file.separator" value="/"/>
    <property name="basedir" value="/home/juno/nb-projects/vfs-api"/>
    <property name="java.vm.compressedOopsMode" value="Zero based"/>
    <property name="line.separator" value="&#10;"/>
    <property name="jdk.internal.vm.ci.enabled" value="true"/>
    <property name="java.specification.name" value="Java Platform API Specification"/>
    <property name="java.vm.specification.vendor" value="Oracle Corporation"/>
    <property name="java.awt.graphicsenv" value="sun.awt.X11GraphicsEnvironment"/>
    <property name="sun.management.compiler" value="HotSpot 64-Bit Tiered Compilers"/>
    <property name="java.runtime.version" value="11.0.6+9-jvmci-20.0-b02"/>
    <property name="user.name" value="juno"/>
    <property name="path.separator" value=":"/>
    <property name="os.version" value="5.4.0-58-generic"/>
    <property name="java.runtime.name" value="OpenJDK Runtime Environment"/>
    <property name="file.encoding" value="UTF-8"/>
    <property name="java.vm.name" value="OpenJDK 64-Bit Server VM"/>
    <property name="java.vendor.version" value="GraalVM CE 20.0.0"/>
    <property name="maven.ext.class.path" value="/opt/netbeans-12.2/netbeans/java/maven-nblib/netbeans-eventspy.jar:/opt/netbeans-12.2/netbeans/java/maven-nblib/netbeans-cos.jar"/>
    <property name="localRepository" value="/home/juno/.m2/repository"/>
    <property name="java.vendor.url.bug" value="https://bugreport.java.com/bugreport/"/>
    <property name="java.io.tmpdir" value="/tmp"/>
    <property name="java.version" value="11.0.6"/>
    <property name="user.dir" value="/home/juno/nb-projects/vfs-api"/>
    <property name="os.arch" value="amd64"/>
    <property name="java.vm.specification.name" value="Java Virtual Machine Specification"/>
    <property name="java.awt.printerjob" value="sun.print.PSPrinterJob"/>
    <property name="sun.os.patch.level" value="unknown"/>
    <property name="java.library.path" value="/usr/java/packages/lib:/usr/lib64:/lib64:/lib:/usr/lib"/>
    <property name="java.vendor" value="Oracle Corporation"/>
    <property name="java.vm.info" value="mixed mode"/>
    <property name="java.vm.version" value="11.0.6+9-jvmci-20.0-b02"/>
    <property name="sun.io.unicode.encoding" value="UnicodeLittle"/>
    <property name="java.class.version" value="55.0"/>
  </properties>
  <testcase name="test_connect" classname="com.jun0rr.vfs.api.test.TestMongodb" time="0.011">
    <error message="Uncompilable source code - Erroneous tree type: com.mongodb.ConnectionString" type="java.lang.RuntimeException">java.lang.RuntimeException: Uncompilable source code - Erroneous tree type: com.mongodb.ConnectionString
	at jun0rr.vfs/com.jun0rr.vfs.api.test.TestMongodb.test_connect(TestMongodb.java:22)
</error>
  </testcase>
</testsuite>